\BOOKMARK [1][-]{section.1}{Introduction}{}% 1
\BOOKMARK [1][-]{section.2}{Preliminaries}{}% 2
\BOOKMARK [2][-]{subsection.2.1}{Citing MetaOmics}{section.2}% 3
\BOOKMARK [2][-]{subsection.2.2}{Installation}{section.2}% 4
\BOOKMARK [3][-]{subsubsection.2.2.1}{Requirement}{subsection.2.2}% 5
\BOOKMARK [3][-]{subsubsection.2.2.2}{How to start the app}{subsection.2.2}% 6
\BOOKMARK [2][-]{subsection.2.3}{Question and bug report}{section.2}% 7
\BOOKMARK [1][-]{section.3}{Prepare data}{}% 8
\BOOKMARK [2][-]{subsection.3.1}{Raw data}{section.3}% 9
\BOOKMARK [2][-]{subsection.3.2}{Clinical data}{section.3}% 10
\BOOKMARK [1][-]{section.4}{Toolsets}{}% 11
\BOOKMARK [2][-]{subsection.4.1}{Preprocessing}{section.4}% 12
\BOOKMARK [3][-]{subsubsection.4.1.1}{Procedure}{subsection.4.1}% 13
\BOOKMARK [2][-]{subsection.4.2}{MetaQC}{section.4}% 14
\BOOKMARK [3][-]{subsubsection.4.2.1}{Procedure}{subsection.4.2}% 15
\BOOKMARK [3][-]{subsubsection.4.2.2}{Results}{subsection.4.2}% 16
\BOOKMARK [2][-]{subsection.4.3}{MetaDE}{section.4}% 17
\BOOKMARK [3][-]{subsubsection.4.3.1}{Procedure}{subsection.4.3}% 18
\BOOKMARK [3][-]{subsubsection.4.3.2}{Results}{subsection.4.3}% 19
\BOOKMARK [2][-]{subsection.4.4}{MetaPath}{section.4}% 20
\BOOKMARK [3][-]{subsubsection.4.4.1}{Procedure}{subsection.4.4}% 21
\BOOKMARK [3][-]{subsubsection.4.4.2}{Results}{subsection.4.4}% 22
\BOOKMARK [2][-]{subsection.4.5}{MetaClust}{section.4}% 23
\BOOKMARK [3][-]{subsubsection.4.5.1}{Procedure}{subsection.4.5}% 24
\BOOKMARK [3][-]{subsubsection.4.5.2}{Results}{subsection.4.5}% 25
\BOOKMARK [2][-]{subsection.4.6}{metaPCA}{section.4}% 26
\BOOKMARK [3][-]{subsubsection.4.6.1}{Procedure}{subsection.4.6}% 27
\BOOKMARK [3][-]{subsubsection.4.6.2}{Results}{subsection.4.6}% 28
