This is pdfTeX, Version 3.1415926-2.4-1.40.13 (TeX Live 2012) (format=pdflatex 2012.6.30)  28 NOV 2016 14:58
entering extended mode
 restricted \write18 enabled.
 %&-line parsing enabled.
**metaOmics_turtorial.tex
(./metaOmics_turtorial.tex
LaTeX2e <2011/06/27>
Babel <v3.8m> and hyphenation patterns for english, dumylang, nohyphenation, ge
rman-x-2012-05-30, ngerman-x-2012-05-30, afrikaans, ancientgreek, ibycus, arabi
c, armenian, basque, bulgarian, catalan, pinyin, coptic, croatian, czech, danis
h, dutch, ukenglish, usenglishmax, esperanto, estonian, ethiopic, farsi, finnis
h, french, friulan, galician, german, ngerman, swissgerman, monogreek, greek, h
ungarian, icelandic, assamese, bengali, gujarati, hindi, kannada, malayalam, ma
rathi, oriya, panjabi, tamil, telugu, indonesian, interlingua, irish, italian, 
kurmanji, latin, latvian, lithuanian, mongolian, mongolianlmc, bokmal, nynorsk,
 polish, portuguese, romanian, romansh, russian, sanskrit, serbian, serbianc, s
lovak, slovenian, spanish, swedish, turkish, turkmen, ukrainian, uppersorbian, 
welsh, loaded.
(/usr/local/texlive/2012/texmf-dist/tex/latex/base/article.cls
Document Class: article 2007/10/19 v1.4h Standard LaTeX document class
(/usr/local/texlive/2012/texmf-dist/tex/latex/base/size10.clo
File: size10.clo 2007/10/19 v1.4h Standard LaTeX file (size option)
)
\c@part=\count79
\c@section=\count80
\c@subsection=\count81
\c@subsubsection=\count82
\c@paragraph=\count83
\c@subparagraph=\count84
\c@figure=\count85
\c@table=\count86
\abovecaptionskip=\skip41
\belowcaptionskip=\skip42
\bibindent=\dimen102
)
(/usr/local/texlive/2012/texmf-dist/tex/latex/base/inputenc.sty
Package: inputenc 2008/03/30 v1.1d Input encoding file
\inpenc@prehook=\toks14
\inpenc@posthook=\toks15

(/usr/local/texlive/2012/texmf-dist/tex/latex/base/utf8.def
File: utf8.def 2008/04/05 v1.1m UTF-8 support for inputenc
Now handling font encoding OML ...
... no UTF-8 mapping file for font encoding OML
Now handling font encoding T1 ...
... processing UTF-8 mapping file for font encoding T1

(/usr/local/texlive/2012/texmf-dist/tex/latex/base/t1enc.dfu
File: t1enc.dfu 2008/04/05 v1.1m UTF-8 support for inputenc
   defining Unicode char U+00A1 (decimal 161)
   defining Unicode char U+00A3 (decimal 163)
   defining Unicode char U+00AB (decimal 171)
   defining Unicode char U+00BB (decimal 187)
   defining Unicode char U+00BF (decimal 191)
   defining Unicode char U+00C0 (decimal 192)
   defining Unicode char U+00C1 (decimal 193)
   defining Unicode char U+00C2 (decimal 194)
   defining Unicode char U+00C3 (decimal 195)
   defining Unicode char U+00C4 (decimal 196)
   defining Unicode char U+00C5 (decimal 197)
   defining Unicode char U+00C6 (decimal 198)
   defining Unicode char U+00C7 (decimal 199)
   defining Unicode char U+00C8 (decimal 200)
   defining Unicode char U+00C9 (decimal 201)
   defining Unicode char U+00CA (decimal 202)
   defining Unicode char U+00CB (decimal 203)
   defining Unicode char U+00CC (decimal 204)
   defining Unicode char U+00CD (decimal 205)
   defining Unicode char U+00CE (decimal 206)
   defining Unicode char U+00CF (decimal 207)
   defining Unicode char U+00D0 (decimal 208)
   defining Unicode char U+00D1 (decimal 209)
   defining Unicode char U+00D2 (decimal 210)
   defining Unicode char U+00D3 (decimal 211)
   defining Unicode char U+00D4 (decimal 212)
   defining Unicode char U+00D5 (decimal 213)
   defining Unicode char U+00D6 (decimal 214)
   defining Unicode char U+00D8 (decimal 216)
   defining Unicode char U+00D9 (decimal 217)
   defining Unicode char U+00DA (decimal 218)
   defining Unicode char U+00DB (decimal 219)
   defining Unicode char U+00DC (decimal 220)
   defining Unicode char U+00DD (decimal 221)
   defining Unicode char U+00DE (decimal 222)
   defining Unicode char U+00DF (decimal 223)
   defining Unicode char U+00E0 (decimal 224)
   defining Unicode char U+00E1 (decimal 225)
   defining Unicode char U+00E2 (decimal 226)
   defining Unicode char U+00E3 (decimal 227)
   defining Unicode char U+00E4 (decimal 228)
   defining Unicode char U+00E5 (decimal 229)
   defining Unicode char U+00E6 (decimal 230)
   defining Unicode char U+00E7 (decimal 231)
   defining Unicode char U+00E8 (decimal 232)
   defining Unicode char U+00E9 (decimal 233)
   defining Unicode char U+00EA (decimal 234)
   defining Unicode char U+00EB (decimal 235)
   defining Unicode char U+00EC (decimal 236)
   defining Unicode char U+00ED (decimal 237)
   defining Unicode char U+00EE (decimal 238)
   defining Unicode char U+00EF (decimal 239)
   defining Unicode char U+00F0 (decimal 240)
   defining Unicode char U+00F1 (decimal 241)
   defining Unicode char U+00F2 (decimal 242)
   defining Unicode char U+00F3 (decimal 243)
   defining Unicode char U+00F4 (decimal 244)
   defining Unicode char U+00F5 (decimal 245)
   defining Unicode char U+00F6 (decimal 246)
   defining Unicode char U+00F8 (decimal 248)
   defining Unicode char U+00F9 (decimal 249)
   defining Unicode char U+00FA (decimal 250)
   defining Unicode char U+00FB (decimal 251)
   defining Unicode char U+00FC (decimal 252)
   defining Unicode char U+00FD (decimal 253)
   defining Unicode char U+00FE (decimal 254)
   defining Unicode char U+00FF (decimal 255)
   defining Unicode char U+0102 (decimal 258)
   defining Unicode char U+0103 (decimal 259)
   defining Unicode char U+0104 (decimal 260)
   defining Unicode char U+0105 (decimal 261)
   defining Unicode char U+0106 (decimal 262)
   defining Unicode char U+0107 (decimal 263)
   defining Unicode char U+010C (decimal 268)
   defining Unicode char U+010D (decimal 269)
   defining Unicode char U+010E (decimal 270)
   defining Unicode char U+010F (decimal 271)
   defining Unicode char U+0110 (decimal 272)
   defining Unicode char U+0111 (decimal 273)
   defining Unicode char U+0118 (decimal 280)
   defining Unicode char U+0119 (decimal 281)
   defining Unicode char U+011A (decimal 282)
   defining Unicode char U+011B (decimal 283)
   defining Unicode char U+011E (decimal 286)
   defining Unicode char U+011F (decimal 287)
   defining Unicode char U+0130 (decimal 304)
   defining Unicode char U+0131 (decimal 305)
   defining Unicode char U+0132 (decimal 306)
   defining Unicode char U+0133 (decimal 307)
   defining Unicode char U+0139 (decimal 313)
   defining Unicode char U+013A (decimal 314)
   defining Unicode char U+013D (decimal 317)
   defining Unicode char U+013E (decimal 318)
   defining Unicode char U+0141 (decimal 321)
   defining Unicode char U+0142 (decimal 322)
   defining Unicode char U+0143 (decimal 323)
   defining Unicode char U+0144 (decimal 324)
   defining Unicode char U+0147 (decimal 327)
   defining Unicode char U+0148 (decimal 328)
   defining Unicode char U+014A (decimal 330)
   defining Unicode char U+014B (decimal 331)
   defining Unicode char U+0150 (decimal 336)
   defining Unicode char U+0151 (decimal 337)
   defining Unicode char U+0152 (decimal 338)
   defining Unicode char U+0153 (decimal 339)
   defining Unicode char U+0154 (decimal 340)
   defining Unicode char U+0155 (decimal 341)
   defining Unicode char U+0158 (decimal 344)
   defining Unicode char U+0159 (decimal 345)
   defining Unicode char U+015A (decimal 346)
   defining Unicode char U+015B (decimal 347)
   defining Unicode char U+015E (decimal 350)
   defining Unicode char U+015F (decimal 351)
   defining Unicode char U+0160 (decimal 352)
   defining Unicode char U+0161 (decimal 353)
   defining Unicode char U+0162 (decimal 354)
   defining Unicode char U+0163 (decimal 355)
   defining Unicode char U+0164 (decimal 356)
   defining Unicode char U+0165 (decimal 357)
   defining Unicode char U+016E (decimal 366)
   defining Unicode char U+016F (decimal 367)
   defining Unicode char U+0170 (decimal 368)
   defining Unicode char U+0171 (decimal 369)
   defining Unicode char U+0178 (decimal 376)
   defining Unicode char U+0179 (decimal 377)
   defining Unicode char U+017A (decimal 378)
   defining Unicode char U+017B (decimal 379)
   defining Unicode char U+017C (decimal 380)
   defining Unicode char U+017D (decimal 381)
   defining Unicode char U+017E (decimal 382)
   defining Unicode char U+200C (decimal 8204)
   defining Unicode char U+2013 (decimal 8211)
   defining Unicode char U+2014 (decimal 8212)
   defining Unicode char U+2018 (decimal 8216)
   defining Unicode char U+2019 (decimal 8217)
   defining Unicode char U+201A (decimal 8218)
   defining Unicode char U+201C (decimal 8220)
   defining Unicode char U+201D (decimal 8221)
   defining Unicode char U+201E (decimal 8222)
   defining Unicode char U+2030 (decimal 8240)
   defining Unicode char U+2031 (decimal 8241)
   defining Unicode char U+2039 (decimal 8249)
   defining Unicode char U+203A (decimal 8250)
   defining Unicode char U+2423 (decimal 9251)
)
Now handling font encoding OT1 ...
... processing UTF-8 mapping file for font encoding OT1

(/usr/local/texlive/2012/texmf-dist/tex/latex/base/ot1enc.dfu
File: ot1enc.dfu 2008/04/05 v1.1m UTF-8 support for inputenc
   defining Unicode char U+00A1 (decimal 161)
   defining Unicode char U+00A3 (decimal 163)
   defining Unicode char U+00B8 (decimal 184)
   defining Unicode char U+00BF (decimal 191)
   defining Unicode char U+00C5 (decimal 197)
   defining Unicode char U+00C6 (decimal 198)
   defining Unicode char U+00D8 (decimal 216)
   defining Unicode char U+00DF (decimal 223)
   defining Unicode char U+00E6 (decimal 230)
   defining Unicode char U+00EC (decimal 236)
   defining Unicode char U+00ED (decimal 237)
   defining Unicode char U+00EE (decimal 238)
   defining Unicode char U+00EF (decimal 239)
   defining Unicode char U+00F8 (decimal 248)
   defining Unicode char U+0131 (decimal 305)
   defining Unicode char U+0141 (decimal 321)
   defining Unicode char U+0142 (decimal 322)
   defining Unicode char U+0152 (decimal 338)
   defining Unicode char U+0153 (decimal 339)
   defining Unicode char U+2013 (decimal 8211)
   defining Unicode char U+2014 (decimal 8212)
   defining Unicode char U+2018 (decimal 8216)
   defining Unicode char U+2019 (decimal 8217)
   defining Unicode char U+201C (decimal 8220)
   defining Unicode char U+201D (decimal 8221)
)
Now handling font encoding OMS ...
... processing UTF-8 mapping file for font encoding OMS

(/usr/local/texlive/2012/texmf-dist/tex/latex/base/omsenc.dfu
File: omsenc.dfu 2008/04/05 v1.1m UTF-8 support for inputenc
   defining Unicode char U+00A7 (decimal 167)
   defining Unicode char U+00B6 (decimal 182)
   defining Unicode char U+00B7 (decimal 183)
   defining Unicode char U+2020 (decimal 8224)
   defining Unicode char U+2021 (decimal 8225)
   defining Unicode char U+2022 (decimal 8226)
)
Now handling font encoding OMX ...
... no UTF-8 mapping file for font encoding OMX
Now handling font encoding U ...
... no UTF-8 mapping file for font encoding U
   defining Unicode char U+00A9 (decimal 169)
   defining Unicode char U+00AA (decimal 170)
   defining Unicode char U+00AE (decimal 174)
   defining Unicode char U+00BA (decimal 186)
   defining Unicode char U+02C6 (decimal 710)
   defining Unicode char U+02DC (decimal 732)
   defining Unicode char U+200C (decimal 8204)
   defining Unicode char U+2026 (decimal 8230)
   defining Unicode char U+2122 (decimal 8482)
   defining Unicode char U+2423 (decimal 9251)
))
(/usr/local/texlive/2012/texmf-dist/tex/latex/hyperref/hyperref.sty
Package: hyperref 2012/05/13 v6.82q Hypertext links for LaTeX

(/usr/local/texlive/2012/texmf-dist/tex/generic/oberdiek/hobsub-hyperref.sty
Package: hobsub-hyperref 2012/05/28 v1.13 Bundle oberdiek, subset hyperref (HO)


(/usr/local/texlive/2012/texmf-dist/tex/generic/oberdiek/hobsub-generic.sty
Package: hobsub-generic 2012/05/28 v1.13 Bundle oberdiek, subset generic (HO)
Package: hobsub 2012/05/28 v1.13 Construct package bundles (HO)
Package: infwarerr 2010/04/08 v1.3 Providing info/warning/error messages (HO)
Package: ltxcmds 2011/11/09 v1.22 LaTeX kernel commands for general use (HO)
Package: ifluatex 2010/03/01 v1.3 Provides the ifluatex switch (HO)
Package ifluatex Info: LuaTeX not detected.
Package: ifvtex 2010/03/01 v1.5 Detect VTeX and its facilities (HO)
Package ifvtex Info: VTeX not detected.
Package: intcalc 2007/09/27 v1.1 Expandable calculations with integers (HO)
Package: ifpdf 2011/01/30 v2.3 Provides the ifpdf switch (HO)
Package ifpdf Info: pdfTeX in PDF mode is detected.
Package: etexcmds 2011/02/16 v1.5 Avoid name clashes with e-TeX commands (HO)
Package etexcmds Info: Could not find \expanded.
(etexcmds)             That can mean that you are not using pdfTeX 1.50 or
(etexcmds)             that some package has redefined \expanded.
(etexcmds)             In the latter case, load this package earlier.
Package: kvsetkeys 2012/04/25 v1.16 Key value parser (HO)
Package: kvdefinekeys 2011/04/07 v1.3 Define keys (HO)
Package: pdftexcmds 2011/11/29 v0.20 Utility functions of pdfTeX for LuaTeX (HO
)
Package pdftexcmds Info: LuaTeX not detected.
Package pdftexcmds Info: \pdf@primitive is available.
Package pdftexcmds Info: \pdf@ifprimitive is available.
Package pdftexcmds Info: \pdfdraftmode found.
Package: pdfescape 2011/11/25 v1.13 Implements pdfTeX's escape features (HO)
Package: bigintcalc 2012/04/08 v1.3 Expandable calculations on big integers (HO
)
Package: bitset 2011/01/30 v1.1 Handle bit-vector datatype (HO)
Package: uniquecounter 2011/01/30 v1.2 Provide unlimited unique counter (HO)
)
Package hobsub Info: Skipping package `hobsub' (already loaded).
Package: letltxmacro 2010/09/02 v1.4 Let assignment for LaTeX macros (HO)
Package: hopatch 2012/05/28 v1.2 Wrapper for package hooks (HO)
Package: xcolor-patch 2011/01/30 xcolor patch
Package: atveryend 2011/06/30 v1.8 Hooks at the very end of document (HO)
Package atveryend Info: \enddocument detected (standard20110627).
Package: atbegshi 2011/10/05 v1.16 At begin shipout hook (HO)
Package: refcount 2011/10/16 v3.4 Data extraction from label references (HO)
Package: hycolor 2011/01/30 v1.7 Color options for hyperref/bookmark (HO)
)
(/usr/local/texlive/2012/texmf-dist/tex/latex/graphics/keyval.sty
Package: keyval 1999/03/16 v1.13 key=value parser (DPC)
\KV@toks@=\toks16
)
(/usr/local/texlive/2012/texmf-dist/tex/generic/ifxetex/ifxetex.sty
Package: ifxetex 2010/09/12 v0.6 Provides ifxetex conditional
)
(/usr/local/texlive/2012/texmf-dist/tex/latex/oberdiek/kvoptions.sty
Package: kvoptions 2011/06/30 v3.11 Key value format for package options (HO)
)
\@linkdim=\dimen103
\Hy@linkcounter=\count87
\Hy@pagecounter=\count88

(/usr/local/texlive/2012/texmf-dist/tex/latex/hyperref/pd1enc.def
File: pd1enc.def 2012/05/13 v6.82q Hyperref: PDFDocEncoding definition (HO)
Now handling font encoding PD1 ...
... no UTF-8 mapping file for font encoding PD1
)
\Hy@SavedSpaceFactor=\count89

(/usr/local/texlive/2012/texmf-dist/tex/latex/latexconfig/hyperref.cfg
File: hyperref.cfg 2002/06/06 v1.2 hyperref configuration of TeXLive
)
Package hyperref Info: Hyper figures OFF on input line 4062.
Package hyperref Info: Link nesting OFF on input line 4067.
Package hyperref Info: Hyper index ON on input line 4070.
Package hyperref Info: Plain pages OFF on input line 4077.
Package hyperref Info: Backreferencing OFF on input line 4082.
Package hyperref Info: Implicit mode ON; LaTeX internals redefined.
Package hyperref Info: Bookmarks ON on input line 4300.
\c@Hy@tempcnt=\count90

(/usr/local/texlive/2012/texmf-dist/tex/latex/url/url.sty
\Urlmuskip=\muskip10
Package: url 2006/04/12  ver 3.3  Verb mode for urls, etc.
)
LaTeX Info: Redefining \url on input line 4653.
\Fld@menulength=\count91
\Field@Width=\dimen104
\Fld@charsize=\dimen105
Package hyperref Info: Hyper figures OFF on input line 5773.
Package hyperref Info: Link nesting OFF on input line 5778.
Package hyperref Info: Hyper index ON on input line 5781.
Package hyperref Info: backreferencing OFF on input line 5788.
Package hyperref Info: Link coloring OFF on input line 5793.
Package hyperref Info: Link coloring with OCG OFF on input line 5798.
Package hyperref Info: PDF/A mode OFF on input line 5803.
LaTeX Info: Redefining \ref on input line 5843.
LaTeX Info: Redefining \pageref on input line 5847.
\Hy@abspage=\count92
\c@Item=\count93
\c@Hfootnote=\count94
)

Package hyperref Message: Driver (autodetected): hpdftex.

(/usr/local/texlive/2012/texmf-dist/tex/latex/hyperref/hpdftex.def
File: hpdftex.def 2012/05/13 v6.82q Hyperref driver for pdfTeX
\Fld@listcount=\count95
\c@bookmark@seq@number=\count96

(/usr/local/texlive/2012/texmf-dist/tex/latex/oberdiek/rerunfilecheck.sty
Package: rerunfilecheck 2011/04/15 v1.7 Rerun checks for auxiliary files (HO)
Package uniquecounter Info: New unique counter `rerunfilecheck' on input line 2
82.
)
\Hy@SectionHShift=\skip43
)
(/usr/local/texlive/2012/texmf-dist/tex/latex/natbib/natbib.sty
Package: natbib 2010/09/13 8.31b (PWD, AO)
\bibhang=\skip44
\bibsep=\skip45
LaTeX Info: Redefining \cite on input line 694.
\c@NAT@ctr=\count97
)
(/usr/local/texlive/2012/texmf-dist/tex/latex/natbib/bibentry.sty
Package: bibentry 2007/10/30 1.5 (PWD)
)
(/usr/local/texlive/2012/texmf-dist/tex/latex/graphics/color.sty
Package: color 2005/11/14 v1.0j Standard LaTeX Color (DPC)

(/usr/local/texlive/2012/texmf-dist/tex/latex/latexconfig/color.cfg
File: color.cfg 2007/01/18 v1.5 color configuration of teTeX/TeXLive
)
Package color Info: Driver file: pdftex.def on input line 130.

(/usr/local/texlive/2012/texmf-dist/tex/latex/pdftex-def/pdftex.def
File: pdftex.def 2011/05/27 v0.06d Graphics/color for pdfTeX
\Gread@gobject=\count98
))
(/usr/local/texlive/2012/texmf-dist/tex/latex/graphics/graphicx.sty
Package: graphicx 1999/02/16 v1.0f Enhanced LaTeX Graphics (DPC,SPQR)

(/usr/local/texlive/2012/texmf-dist/tex/latex/graphics/graphics.sty
Package: graphics 2009/02/05 v1.0o Standard LaTeX Graphics (DPC,SPQR)

(/usr/local/texlive/2012/texmf-dist/tex/latex/graphics/trig.sty
Package: trig 1999/03/16 v1.09 sin cos tan (DPC)
)
(/usr/local/texlive/2012/texmf-dist/tex/latex/latexconfig/graphics.cfg
File: graphics.cfg 2010/04/23 v1.9 graphics configuration of TeX Live
)
Package graphics Info: Driver file: pdftex.def on input line 91.
)
\Gin@req@height=\dimen106
\Gin@req@width=\dimen107
)
(/usr/local/texlive/2012/texmf-dist/tex/latex/float/float.sty
Package: float 2001/11/08 v1.3d Float enhancements (AL)
\c@float@type=\count99
\float@exts=\toks17
\float@box=\box26
\@float@everytoks=\toks18
\@floatcapt=\box27
)
(/usr/local/texlive/2012/texmf-dist/tex/latex/listings/listings.sty
\lst@mode=\count100
\lst@gtempboxa=\box28
\lst@token=\toks19
\lst@length=\count101
\lst@currlwidth=\dimen108
\lst@column=\count102
\lst@pos=\count103
\lst@lostspace=\dimen109
\lst@width=\dimen110
\lst@newlines=\count104
\lst@lineno=\count105
\lst@maxwidth=\dimen111

(/usr/local/texlive/2012/texmf-dist/tex/latex/listings/lstmisc.sty
File: lstmisc.sty 2007/02/22 1.4 (Carsten Heinz)
\c@lstnumber=\count106
\lst@skipnumbers=\count107
\lst@framebox=\box29
)
(/usr/local/texlive/2012/texmf-dist/tex/latex/listings/listings.cfg
File: listings.cfg 2007/02/22 1.4 listings configuration
))
Package: listings 2007/02/22 1.4 (Carsten Heinz)

(/usr/local/texlive/2012/texmf-dist/tex/latex/xcolor/xcolor.sty
Package: xcolor 2007/01/21 v2.11 LaTeX color extensions (UK)

(/usr/local/texlive/2012/texmf-dist/tex/latex/latexconfig/color.cfg
File: color.cfg 2007/01/18 v1.5 color configuration of teTeX/TeXLive
)
Package xcolor Info: Driver file: pdftex.def on input line 225.
LaTeX Info: Redefining \color on input line 702.
Package xcolor Info: Model `cmy' substituted by `cmy0' on input line 1337.
Package xcolor Info: Model `hsb' substituted by `rgb' on input line 1341.
Package xcolor Info: Model `RGB' extended on input line 1353.
Package xcolor Info: Model `HTML' substituted by `rgb' on input line 1355.
Package xcolor Info: Model `Hsb' substituted by `hsb' on input line 1356.
Package xcolor Info: Model `tHsb' substituted by `hsb' on input line 1357.
Package xcolor Info: Model `HSB' substituted by `hsb' on input line 1358.
Package xcolor Info: Model `Gray' substituted by `gray' on input line 1359.
Package xcolor Info: Model `wave' substituted by `hsb' on input line 1360.
)
(/usr/local/texlive/2012/texmf-dist/tex/latex/listings/lstlang1.sty
File: lstlang1.sty 2004/09/05 1.3 listings language file
)
(/usr/local/texlive/2012/texmf-dist/tex/latex/listings/lstlang2.sty
File: lstlang2.sty 2004/09/05 1.3 listings language file
)
(/usr/local/texlive/2012/texmf-dist/tex/latex/listings/lstlang3.sty
File: lstlang3.sty 2004/09/05 1.3 listings language file
)
(./metaOmics_turtorial.bbl) (./metaOmics_turtorial.aux

LaTeX Warning: Label `fig:ResponseType' multiply defined.


LaTeX Warning: Label `fig:IndDE' multiply defined.


LaTeX Warning: Label `fig:PathwayDB' multiply defined.


LaTeX Warning: Label `fig:FisherExact' multiply defined.

)
\openout1 = `metaOmics_turtorial.aux'.

LaTeX Font Info:    Checking defaults for OML/cmm/m/it on input line 46.
LaTeX Font Info:    ... okay on input line 46.
LaTeX Font Info:    Checking defaults for T1/cmr/m/n on input line 46.
LaTeX Font Info:    ... okay on input line 46.
LaTeX Font Info:    Checking defaults for OT1/cmr/m/n on input line 46.
LaTeX Font Info:    ... okay on input line 46.
LaTeX Font Info:    Checking defaults for OMS/cmsy/m/n on input line 46.
LaTeX Font Info:    ... okay on input line 46.
LaTeX Font Info:    Checking defaults for OMX/cmex/m/n on input line 46.
LaTeX Font Info:    ... okay on input line 46.
LaTeX Font Info:    Checking defaults for U/cmr/m/n on input line 46.
LaTeX Font Info:    ... okay on input line 46.
LaTeX Font Info:    Checking defaults for PD1/pdf/m/n on input line 46.
LaTeX Font Info:    ... okay on input line 46.
\AtBeginShipoutBox=\box30
Package hyperref Info: Link coloring OFF on input line 46.
 (/usr/local/texlive/2012/texmf-dist/tex/latex/hyperref/nameref.sty
Package: nameref 2010/04/30 v2.40 Cross-referencing by name of section

(/usr/local/texlive/2012/texmf-dist/tex/generic/oberdiek/gettitlestring.sty
Package: gettitlestring 2010/12/03 v1.4 Cleanup title references (HO)
)
\c@section@level=\count108
)
LaTeX Info: Redefining \ref on input line 46.
LaTeX Info: Redefining \pageref on input line 46.
LaTeX Info: Redefining \nameref on input line 46.

(./metaOmics_turtorial.out) (./metaOmics_turtorial.out)
\@outlinefile=\write3
\openout3 = `metaOmics_turtorial.out'.


(/usr/local/texlive/2012/texmf-dist/tex/context/base/supp-pdf.mkii
[Loading MPS to PDF converter (version 2006.09.02).]
\scratchcounter=\count109
\scratchdimen=\dimen112
\scratchbox=\box31
\nofMPsegments=\count110
\nofMParguments=\count111
\everyMPshowfont=\toks20
\MPscratchCnt=\count112
\MPscratchDim=\dimen113
\MPnumerator=\count113
\makeMPintoPDFobject=\count114
\everyMPtoPDFconversion=\toks21
) (/usr/local/texlive/2012/texmf-dist/tex/latex/oberdiek/epstopdf-base.sty
Package: epstopdf-base 2010/02/09 v2.5 Base part for package epstopdf

(/usr/local/texlive/2012/texmf-dist/tex/latex/oberdiek/grfext.sty
Package: grfext 2010/08/19 v1.1 Manage graphics extensions (HO)
)
Package grfext Info: Graphics extension search list:
(grfext)             [.png,.pdf,.jpg,.mps,.jpeg,.jbig2,.jb2,.PNG,.PDF,.JPG,.JPE
G,.JBIG2,.JB2,.eps]
(grfext)             \AppendGraphicsExtensions on input line 452.

(/usr/local/texlive/2012/texmf-dist/tex/latex/latexconfig/epstopdf-sys.cfg
File: epstopdf-sys.cfg 2010/07/13 v1.3 Configuration of (r)epstopdf for TeX Liv
e
))
\c@lstlisting=\count115
LaTeX Font Info:    External font `cmex10' loaded for size
(Font)              <12> on input line 49.
LaTeX Font Info:    External font `cmex10' loaded for size
(Font)              <8> on input line 49.
LaTeX Font Info:    External font `cmex10' loaded for size
(Font)              <6> on input line 49.

(./metaOmics_turtorial.toc
LaTeX Font Info:    External font `cmex10' loaded for size
(Font)              <7> on input line 3.
LaTeX Font Info:    External font `cmex10' loaded for size
(Font)              <5> on input line 3.
)
\tf@toc=\write4
\openout4 = `metaOmics_turtorial.toc'.

 (./content/intro.tex [1

{/usr/local/texlive/2012/texmf-var/fonts/map/pdftex/updmap/pdftex.map}]) (./con
tent/prelim.tex
Overfull \hbox (8.10258pt too wide) in paragraph at lines 3--6
\OT1/cmr/m/n/10 MetaOmics im-ple-ments many meta-analytic method-ol-ogy by thei
r au-thors. Please
 []

LaTeX Font Info:    Try loading font information for OMS+cmr on input line 8.
(/usr/local/texlive/2012/texmf-dist/tex/latex/base/omscmr.fd
File: omscmr.fd 1999/05/25 v2.5h Standard LaTeX font definitions
)
LaTeX Font Info:    Font shape `OMS/cmr/m/n' in size <10> not available
(Font)              Font shape `OMS/cmsy/m/n' tried instead on input line 8.


Package natbib Warning: Citation `fang2016cpi' undefined on input line 20.

[2] (/usr/local/texlive/2012/texmf-dist/tex/latex/listings/lstlang1.sty
File: lstlang1.sty 2004/09/05 1.3 listings language file
)
(/usr/local/texlive/2012/texmf-dist/tex/latex/listings/lstlang1.sty
File: lstlang1.sty 2004/09/05 1.3 listings language file
) [3])
(./content/prepareData.tex
<./figure/dataMicroarray.png, id=204, 745.78625pt x 634.37pt>
File: ./figure/dataMicroarray.png Graphic file (type png)

<use ./figure/dataMicroarray.png>
Package pdftex.def Info: ./figure/dataMicroarray.png used on input line 13.
(pdftex.def)             Requested size: 372.89221pt x 317.18422pt.

Overfull \hbox (27.89221pt too wide) in paragraph at lines 13--14
 [] 
 []

[4] <./figure/clinicalData.png, id=217, 339.2675pt x 652.4375pt>
File: ./figure/clinicalData.png Graphic file (type png)

<use ./figure/clinicalData.png>
Package pdftex.def Info: ./figure/clinicalData.png used on input line 27.
(pdftex.def)             Requested size: 169.63333pt x 326.21794pt.
) [5pdfTeX warning (ext4): destination with the same identifier (name{figure.1}
) has been already used, duplicate ignored

\AtBegShi@Output ...ipout \box \AtBeginShipoutBox 
                                                  \fi \fi 
l.55 
      <./figure/dataMicroarray.png>] (./content/metaDE.tex [6pdfTeX warning (ex
t4): destination with the same identifier (name{figure.2}) has been already use
d, duplicate ignored

\AtBegShi@Output ...ipout \box \AtBeginShipoutBox 
                                                  \fi \fi 
l.9 
     <./figure/clinicalData.png>]
<./figure/metaDE/MetaDEmainpage.png, id=235, 1012.78375pt x 601.24625pt>
File: ./figure/metaDE/MetaDEmainpage.png Graphic file (type png)

<use ./figure/metaDE/MetaDEmainpage.png>
Package pdftex.def Info: ./figure/metaDE/MetaDEmainpage.png used on input line 
12.
(pdftex.def)             Requested size: 455.74847pt x 270.5583pt.

Overfull \hbox (110.74847pt too wide) in paragraph at lines 12--13
 [] 
 []

<./figure/metaDE/FisherSelect.png, id=238, 722.7pt x 398.9304pt>
File: ./figure/metaDE/FisherSelect.png Graphic file (type png)

<use ./figure/metaDE/FisherSelect.png>
Package pdftex.def Info: ./figure/metaDE/FisherSelect.png used on input line 22
.
(pdftex.def)             Requested size: 325.21199pt x 179.51701pt.
 [7pdfTeX warning (ext4): destination with the same identifier (name{figure.3})
 has been already used, duplicate ignored

\AtBegShi@Output ...ipout \box \AtBeginShipoutBox 
                                                  \fi \fi 
l.27 
      <./figure/metaDE/MetaDEmainpage.png>]
<./figure/metaDE/AWFisherSelect.png, id=247, 722.7pt x 334.851pt>
File: ./figure/metaDE/AWFisherSelect.png Graphic file (type png)

<use ./figure/metaDE/AWFisherSelect.png>
Package pdftex.def Info: ./figure/metaDE/AWFisherSelect.png used on input line 
30.
(pdftex.def)             Requested size: 325.21199pt x 150.68155pt.

<./figure/metaDE/ResponseType.png, id=249, 691.8648pt x 398.9304pt>
File: ./figure/metaDE/ResponseType.png Graphic file (type png)

<use ./figure/metaDE/ResponseType.png>
Package pdftex.def Info: ./figure/metaDE/ResponseType.png used on input line 40
.
(pdftex.def)             Requested size: 311.33629pt x 179.51701pt.
 [8pdfTeX warning (ext4): destination with the same identifier (name{figure.4})
 has been already used, duplicate ignored

\AtBegShi@Output ...ipout \box \AtBeginShipoutBox 
                                                  \fi \fi 
l.45 
     pdfTeX warning (ext4): destination with the same identifier (name{figure.5
}) has been already used, duplicate ignored

\AtBegShi@Output ...ipout \box \AtBeginShipoutBox 
                                                  \fi \fi 
l.45 
      <./figure/metaDE/FisherSelect.png> <./figure/metaDE/AWFisherSelect.png>]
<./figure/metaDE/IndDE.png, id=258, 691.8648pt x 391.7034pt>
File: ./figure/metaDE/IndDE.png Graphic file (type png)

<use ./figure/metaDE/IndDE.png>
Package pdftex.def Info: ./figure/metaDE/IndDE.png used on input line 50.
(pdftex.def)             Requested size: 311.33629pt x 176.2649pt.

Overfull \hbox (3.02841pt too wide) in paragraph at lines 56--57
[]\OT1/cmr/m/n/10 ** Op-tion-ally, we can click on ``Ad-vanced Op-tions", choos
e ``Para-met-ric=yes"
 []

[9pdfTeX warning (ext4): destination with the same identifier (name{figure.6}) 
has been already used, duplicate ignored

\AtBegShi@Output ...ipout \box \AtBeginShipoutBox 
                                                  \fi \fi 
l.57 
     pdfTeX warning (ext4): destination with the same identifier (name{figure.7
}) has been already used, duplicate ignored

\AtBegShi@Output ...ipout \box \AtBeginShipoutBox 
                                                  \fi \fi 
l.57 
      <./figure/metaDE/ResponseType.png> <./figure/metaDE/IndDE.png>]
<./figure/metaDE/AdvOptions.png, id=269, 691.8648pt x 308.352pt>
File: ./figure/metaDE/AdvOptions.png Graphic file (type png)

<use ./figure/metaDE/AdvOptions.png>
Package pdftex.def Info: ./figure/metaDE/AdvOptions.png used on input line 60.
(pdftex.def)             Requested size: 311.33629pt x 138.75711pt.

<./figure/metaDE/MetaSummary.png, id=271, 727.0362pt x 430.2474pt>
File: ./figure/metaDE/MetaSummary.png Graphic file (type png)

<use ./figure/metaDE/MetaSummary.png>
Package pdftex.def Info: ./figure/metaDE/MetaSummary.png used on input line 70.

(pdftex.def)             Requested size: 327.16327pt x 193.60954pt.
 [10pdfTeX warning (ext4): destination with the same identifier (name{figure.8}
) has been already used, duplicate ignored

\AtBegShi@Output ...ipout \box \AtBeginShipoutBox 
                                                  \fi \fi 
l.79 
     pdfTeX warning (ext4): destination with the same identifier (name{figure.9
}) has been already used, duplicate ignored

\AtBegShi@Output ...ipout \box \AtBeginShipoutBox 
                                                  \fi \fi 
l.79 
      <./figure/metaDE/AdvOptions.png> <./figure/metaDE/MetaSummary.png>]
<./figure/metaDE/HeatmapSetting.png, id=281, 727.0362pt x 410.9754pt>
File: ./figure/metaDE/HeatmapSetting.png Graphic file (type png)

<use ./figure/metaDE/HeatmapSetting.png>
Package pdftex.def Info: ./figure/metaDE/HeatmapSetting.png used on input line 
82.
(pdftex.def)             Requested size: 290.80933pt x 164.38724pt.

<./figure/metaDE/FisherHeatmap.png, id=284, 722.7pt x 532.8708pt>
File: ./figure/metaDE/FisherHeatmap.png Graphic file (type png)

<use ./figure/metaDE/FisherHeatmap.png>
Package pdftex.def Info: ./figure/metaDE/FisherHeatmap.png used on input line 9
2.
(pdftex.def)             Requested size: 289.07487pt x 213.14453pt.
 [11pdfTeX warning (ext4): destination with the same identifier (name{figure.10
}) has been already used, duplicate ignored

\AtBegShi@Output ...ipout \box \AtBeginShipoutBox 
                                                  \fi \fi 
l.97 
      <./figure/metaDE/HeatmapSetting.png>]
<./figure/metaDE/AWFisherHeatmap.png, id=293, 722.7pt x 530.4618pt>
File: ./figure/metaDE/AWFisherHeatmap.png Graphic file (type png)

<use ./figure/metaDE/AWFisherHeatmap.png>
Package pdftex.def Info: ./figure/metaDE/AWFisherHeatmap.png used on input line
 100.
(pdftex.def)             Requested size: 325.21199pt x 238.7056pt.
 [12pdfTeX warning (ext4): destination with the same identifier (name{figure.11
}) has been already used, duplicate ignored

\AtBegShi@Output ...ipout \box \AtBeginShipoutBox 
                                                  \fi \fi 
l.109 
      pdfTeX warning (ext4): destination with the same identifier (name{figure.
12}) has been already used, duplicate ignored

\AtBegShi@Output ...ipout \box \AtBeginShipoutBox 
                                                  \fi \fi 
l.109 
       <./figure/metaDE/FisherHeatmap.png> <./figure/metaDE/AWFisherHeatmap.png
>] <./figure/metaDE/PathwayDB.png, id=303, 727.0362pt x 433.62pt>
File: ./figure/metaDE/PathwayDB.png Graphic file (type png)

<use ./figure/metaDE/PathwayDB.png>
Package pdftex.def Info: ./figure/metaDE/PathwayDB.png used on input line 112.
(pdftex.def)             Requested size: 327.16327pt x 195.1272pt.

<./figure/metaDE/KStest.png, id=304, 722.7pt x 420.1296pt>
File: ./figure/metaDE/KStest.png Graphic file (type png)

<use ./figure/metaDE/KStest.png>
Package pdftex.def Info: ./figure/metaDE/KStest.png used on input line 120.
(pdftex.def)             Requested size: 325.21199pt x 189.05656pt.
 [13pdfTeX warning (ext4): destination with the same identifier (name{figure.13
}) has been already used, duplicate ignored

\AtBegShi@Output ...ipout \box \AtBeginShipoutBox 
                                                  \fi \fi 
l.125 
       <./figure/metaDE/PathwayDB.png>]
<./figure/metaDE/FisherExact.png, id=316, 714.0276pt x 420.1296pt>
File: ./figure/metaDE/FisherExact.png Graphic file (type png)

<use ./figure/metaDE/FisherExact.png>
Package pdftex.def Info: ./figure/metaDE/FisherExact.png used on input line 128
.
(pdftex.def)             Requested size: 321.30945pt x 189.05656pt.

<./figure/metaDE/PathResult.png, id=318, 722.7pt x 444.7014pt>
File: ./figure/metaDE/PathResult.png Graphic file (type png)

<use ./figure/metaDE/PathResult.png>
Package pdftex.def Info: ./figure/metaDE/PathResult.png used on input line 138.

(pdftex.def)             Requested size: 325.21199pt x 200.11378pt.
) (./content/metaPath.tex [14pdfTeX warning (ext4): destination with the same i
dentifier (name{figure.14}) has been already used, duplicate ignored

\AtBegShi@Output ...ipout \box \AtBeginShipoutBox 
                                                  \fi \fi 
l.1 \subsection
               {MetaPath}pdfTeX warning (ext4): destination with the same ident
ifier (name{figure.15}) has been already used, duplicate ignored

\AtBegShi@Output ...ipout \box \AtBeginShipoutBox 
                                                  \fi \fi 
l.1 \subsection
               {MetaPath} <./figure/metaDE/KStest.png> <./figure/metaDE/FisherE
xact.png>]
<./figure/metaPath/MetaPathmainpage.png, id=328, 1115.16624pt x 596.2275pt>
File: ./figure/metaPath/MetaPathmainpage.png Graphic file (type png)

<use ./figure/metaPath/MetaPathmainpage.png>
Package pdftex.def Info: ./figure/metaPath/MetaPathmainpage.png used on input l
ine 8.
(pdftex.def)             Requested size: 390.31404pt x 208.68274pt.

Overfull \hbox (45.31404pt too wide) in paragraph at lines 8--9
 [] 
 []

[15pdfTeX warning (ext4): destination with the same identifier (name{figure.16}
) has been already used, duplicate ignored

\AtBegShi@Output ...ipout \box \AtBeginShipoutBox 
                                                  \fi \fi 
l.13 
      <./figure/metaDE/PathResult.png>]
<./figure/metaPath/ResponseType.png, id=336, 722.7pt x 364.2408pt>
File: ./figure/metaPath/ResponseType.png Graphic file (type png)

<use ./figure/metaPath/ResponseType.png>
Package pdftex.def Info: ./figure/metaPath/ResponseType.png used on input line 
18.
(pdftex.def)             Requested size: 289.07487pt x 145.69374pt.
 [16pdfTeX warning (ext4): destination with the same identifier (name{figure.17
}) has been already used, duplicate ignored

\AtBegShi@Output ...ipout \box \AtBeginShipoutBox 
                                                  \fi \fi 
l.25 
     pdfTeX warning (ext4): destination with the same identifier (name{figure.1
8}) has been already used, duplicate ignored

\AtBegShi@Output ...ipout \box \AtBeginShipoutBox 
                                                  \fi \fi 
l.25 
      <./figure/metaPath/MetaPathmainpage.png> <./figure/metaPath/ResponseType.
png>] <./figure/metaPath/IndDE.png, id=343, 722.7pt x 363.2772pt>
File: ./figure/metaPath/IndDE.png Graphic file (type png)

<use ./figure/metaPath/IndDE.png>
Package pdftex.def Info: ./figure/metaPath/IndDE.png used on input line 28.
(pdftex.def)             Requested size: 289.07487pt x 145.3083pt.

<./figure/metaPath/Adv.png, id=345, 708.246pt x 363.2772pt>
File: ./figure/metaPath/Adv.png Graphic file (type png)

<use ./figure/metaPath/Adv.png>
Package pdftex.def Info: ./figure/metaPath/Adv.png used on input line 38.
(pdftex.def)             Requested size: 283.29338pt x 145.3083pt.
 [17pdfTeX warning (ext4): destination with the same identifier (name{figure.19
}) has been already used, duplicate ignored

\AtBegShi@Output ...ipout \box \AtBeginShipoutBox 
                                                  \fi \fi 
l.45 
     pdfTeX warning (ext4): destination with the same identifier (name{figure.2
0}) has been already used, duplicate ignored

\AtBegShi@Output ...ipout \box \AtBeginShipoutBox 
                                                  \fi \fi 
l.45 
      <./figure/metaPath/IndDE.png> <./figure/metaPath/Adv.png>]
<./figure/metaPath/PathwayDB.png, id=358, 708.246pt x 363.2772pt>
File: ./figure/metaPath/PathwayDB.png Graphic file (type png)

<use ./figure/metaPath/PathwayDB.png>
Package pdftex.def Info: ./figure/metaPath/PathwayDB.png used on input line 48.

(pdftex.def)             Requested size: 318.70775pt x 163.47322pt.

<./figure/metaPath/CPI.png, id=359, 722.7pt x 375.3222pt>
File: ./figure/metaPath/CPI.png Graphic file (type png)

<use ./figure/metaPath/CPI.png>
Package pdftex.def Info: ./figure/metaPath/CPI.png used on input line 56.
(pdftex.def)             Requested size: 325.21199pt x 168.89343pt.
 [18pdfTeX warning (ext4): destination with the same identifier (name{figure.21
}) has been already used, duplicate ignored

\AtBegShi@Output ...ipout \box \AtBeginShipoutBox 
                                                  \fi \fi 
l.61 
      <./figure/metaPath/PathwayDB.png>]
<./figure/metaPath/FisherExact.png, id=367, 722.7pt x 372.9132pt>
File: ./figure/metaPath/FisherExact.png Graphic file (type png)

<use ./figure/metaPath/FisherExact.png>
Package pdftex.def Info: ./figure/metaPath/FisherExact.png used on input line 6
4.
(pdftex.def)             Requested size: 325.21199pt x 167.80937pt.

<./figure/metaPath/MAPE.png, id=368, 638.8668pt x 375.3222pt>
File: ./figure/metaPath/MAPE.png Graphic file (type png)

<use ./figure/metaPath/MAPE.png>
Package pdftex.def Info: ./figure/metaPath/MAPE.png used on input line 72.
(pdftex.def)             Requested size: 287.4874pt x 168.89343pt.
 [19pdfTeX warning (ext4): destination with the same identifier (name{figure.22
}) has been already used, duplicate ignored

\AtBegShi@Output ...ipout \box \AtBeginShipoutBox 
                                                  \fi \fi 
l.77 
     pdfTeX warning (ext4): destination with the same identifier (name{figure.2
3}) has been already used, duplicate ignored

\AtBegShi@Output ...ipout \box \AtBeginShipoutBox 
                                                  \fi \fi 
l.77 
      <./figure/metaPath/CPI.png> <./figure/metaPath/FisherExact.png>]
<./figure/metaPath/CPISummary.png, id=377, 703.9098pt x 373.8768pt>
File: ./figure/metaPath/CPISummary.png Graphic file (type png)

<use ./figure/metaPath/CPISummary.png>
Package pdftex.def Info: ./figure/metaPath/CPISummary.png used on input line 82
.
(pdftex.def)             Requested size: 316.75648pt x 168.243pt.
 [20pdfTeX warning (ext4): destination with the same identifier (name{figure.24
}) has been already used, duplicate ignored

\AtBegShi@Output ...ipout \box \AtBeginShipoutBox 
                                                  \fi \fi 
l.91 
     pdfTeX warning (ext4): destination with the same identifier (name{figure.2
5}) has been already used, duplicate ignored

\AtBegShi@Output ...ipout \box \AtBeginShipoutBox 
                                                  \fi \fi 
l.91 
      <./figure/metaPath/MAPE.png> <./figure/metaPath/CPISummary.png>]
<./figure/metaPath/ClustDiag.png, id=387, 727.0362pt x 280.4076pt>
File: ./figure/metaPath/ClustDiag.png Graphic file (type png)

<use ./figure/metaPath/ClustDiag.png>
Package pdftex.def Info: ./figure/metaPath/ClustDiag.png used on input line 94.

(pdftex.def)             Requested size: 327.16327pt x 126.18225pt.

<./figure/metaPath/DiagPlots.png, id=388, 709.2096pt x 371.9496pt>
File: ./figure/metaPath/DiagPlots.png Graphic file (type png)

<use ./figure/metaPath/DiagPlots.png>
Package pdftex.def Info: ./figure/metaPath/DiagPlots.png used on input line 102
.
(pdftex.def)             Requested size: 319.14136pt x 167.37576pt.
) (./content/metaClust.tex
<./figure/metaClust/metaClustHome.png, id=390, 1274.7625pt x 755.82375pt>
File: ./figure/metaClust/metaClustHome.png Graphic file (type png)

<use ./figure/metaClust/metaClustHome.png>
Package pdftex.def Info: ./figure/metaClust/metaClustHome.png used on input lin
e 7.
(pdftex.def)             Requested size: 446.17357pt x 264.54227pt.

Overfull \hbox (101.17357pt too wide) in paragraph at lines 7--8
 [] 
 []

[21pdfTeX warning (ext4): destination with the same identifier (name{figure.26}
) has been already used, duplicate ignored

\AtBegShi@Output ...ipout \box \AtBeginShipoutBox 
                                                  \fi \fi 
l.12 O
      n the top left panel users can see data summary Table.pdfTeX warning (ext
4): destination with the same identifier (name{figure.27}) has been already use
d, duplicate ignored

\AtBegShi@Output ...ipout \box \AtBeginShipoutBox 
                                                  \fi \fi 
l.12 O
      n the top left panel users can see data summary Table. <./figure/metaPath
/ClustDiag.png> <./figure/metaPath/DiagPlots.png>]
<./figure/metaClust/tuneK.png, id=401, 1276.77pt x 824.07875pt>
File: ./figure/metaClust/tuneK.png Graphic file (type png)

<use ./figure/metaClust/tuneK.png>
Package pdftex.def Info: ./figure/metaClust/tuneK.png used on input line 25.
(pdftex.def)             Requested size: 446.87619pt x 288.43188pt.

Overfull \hbox (101.87619pt too wide) in paragraph at lines 25--26
 [] 
 []

[22pdfTeX warning (ext4): destination with the same identifier (name{figure.28}
) has been already used, duplicate ignored

\AtBegShi@Output ...ipout \box \AtBeginShipoutBox 
                                                  \fi \fi 
l.30 U
      sers will use gap statistics to get optimal K for each individual study. 
<./figure/metaClust/metaClustHome.png>]
<./figure/metaClust/tuneW.png, id=410, 1265.72874pt x 531.9875pt>
File: ./figure/metaClust/tuneW.png Graphic file (type png)

<use ./figure/metaClust/tuneW.png>
Package pdftex.def Info: ./figure/metaClust/tuneW.png used on input line 46.
(pdftex.def)             Requested size: 443.0117pt x 186.19841pt.

Overfull \hbox (98.0117pt too wide) in paragraph at lines 46--47
 [] 
 []

[23pdfTeX warning (ext4): destination with the same identifier (name{figure.29}
) has been already used, duplicate ignored

\AtBegShi@Output ...ipout \box \AtBeginShipoutBox 
                                                  \fi \fi 
l.51 A
      gain, <./figure/metaClust/tuneK.png>]
<./figure/metaClust/mskmRes.png, id=420, 1272.755pt x 748.7975pt>
File: ./figure/metaClust/mskmRes.png Graphic file (type png)

<use ./figure/metaClust/mskmRes.png>
Package pdftex.def Info: ./figure/metaClust/mskmRes.png used on input line 67.
(pdftex.def)             Requested size: 445.47093pt x 262.08305pt.

Overfull \hbox (100.47093pt too wide) in paragraph at lines 67--68
 [] 
 []

[24pdfTeX warning (ext4): destination with the same identifier (name{figure.30}
) has been already used, duplicate ignored

\AtBegShi@Output ...ipout \box \AtBeginShipoutBox 
                                                  \fi \fi 
l.72 T
      here are three clustering matching methods: Exhaustive, linear, MCMC. <./
figure/metaClust/tuneW.png>]) (./content/metaDCN.tex
<./figure/metaDCN/metaDCNHome.png, id=429, 469.755pt x 229.3368pt>
File: ./figure/metaDCN/metaDCNHome.png Graphic file (type png)

<use ./figure/metaDCN/metaDCNHome.png>
Package pdftex.def Info: ./figure/metaDCN/metaDCNHome.png used on input line 7.

(pdftex.def)             Requested size: 375.80452pt x 183.46968pt.

Overfull \hbox (30.80452pt too wide) in paragraph at lines 7--8
 [] 
 []

[25pdfTeX warning (ext4): destination with the same identifier (name{figure.31}
) has been already used, duplicate ignored

\AtBegShi@Output ...ipout \box \AtBeginShipoutBox 
                                                  \fi \fi 
l.12 
      <./figure/metaClust/mskmRes.png>] [26pdfTeX warning (ext4): destination w
ith the same identifier (name{figure.32}) has been already used, duplicate igno
red

\AtBegShi@Output ...ipout \box \AtBeginShipoutBox 
                                                  \fi \fi 
l.28 
      <./figure/metaDCN/metaDCNHome.png>]
<./figure/metaDCN/metaDCNstep2.png, id=443, 285.7074pt x 539.616pt>
File: ./figure/metaDCN/metaDCNstep2.png Graphic file (type png)

<use ./figure/metaDCN/metaDCNstep2.png>
Package pdftex.def Info: ./figure/metaDCN/metaDCNstep2.png used on input line 3
1.
(pdftex.def)             Requested size: 99.99907pt x 188.86842pt.
 [27pdfTeX warning (ext4): destination with the same identifier (name{figure.33
}) has been already used, duplicate ignored

\AtBegShi@Output ...ipout \box \AtBeginShipoutBox 
                                                  \fi \fi 
l.45   \item p
              ermutation\_energy\_backward\_P.Rdata is a list of energies fo...
 <./figure/metaDCN/metaDCNstep2.png>]
<./figure/metaDCN/metaDCNBM.png, id=453, 473.6094pt x 319.4334pt>
File: ./figure/metaDCN/metaDCNBM.png Graphic file (type png)

<use ./figure/metaDCN/metaDCNBM.png>
Package pdftex.def Info: ./figure/metaDCN/metaDCNBM.png used on input line 50.
(pdftex.def)             Requested size: 378.88803pt x 255.54704pt.

Overfull \hbox (33.88803pt too wide) in paragraph at lines 50--51
 [] 
 []

<./figure/metaDCN/metaDCNstep3.png, id=455, 323.2878pt x 544.434pt>
File: ./figure/metaDCN/metaDCNstep3.png Graphic file (type png)

<use ./figure/metaDCN/metaDCNstep3.png>
Package pdftex.def Info: ./figure/metaDCN/metaDCNstep3.png used on input line 6
2.
(pdftex.def)             Requested size: 145.47815pt x 244.99303pt.
 [28pdfTeX warning (ext4): destination with the same identifier (name{figure.34
}) has been already used, duplicate ignored

\AtBegShi@Output ...ipout \box \AtBeginShipoutBox 
                                                  \fi \fi 
l.67 
      <./figure/metaDCN/metaDCNBM.png>]
<./figure/metaDCN/metaDCNsuper.png, id=464, 469.755pt x 292.9344pt>
File: ./figure/metaDCN/metaDCNsuper.png Graphic file (type png)

<use ./figure/metaDCN/metaDCNsuper.png>
Package pdftex.def Info: ./figure/metaDCN/metaDCNsuper.png used on input line 7
6.
(pdftex.def)             Requested size: 211.3878pt x 131.81926pt.
 [29pdfTeX warning (ext4): destination with the same identifier (name{figure.35
}) has been already used, duplicate ignored

\AtBegShi@Output ...ipout \box \AtBeginShipoutBox 
                                                  \fi \fi 
l.81 
      <./figure/metaDCN/metaDCNstep3.png>]
<./figure/metaDCN/metaDCNBMplot.png, id=472, 429.2838pt x 650.43pt>
File: ./figure/metaDCN/metaDCNBMplot.png Graphic file (type png)

<use ./figure/metaDCN/metaDCNBMplot.png>
Package pdftex.def Info: ./figure/metaDCN/metaDCNBMplot.png used on input line 
84.
(pdftex.def)             Requested size: 193.17592pt x 292.6908pt.
) (./metaOmics_turtorial.bblpdfTeX warning (ext4): destination with the same id
entifier (name{cite.choi2003combining}) has been already used, duplicate ignore
d
<to be read again> 
                   \relax 
l.3 \bibitem[Choi et~al., 2003]{choi2003combining}
                                                   [30pdfTeX warning (ext4): de
stination with the same identifier (name{figure.36}) has been already used, dup
licate ignored

\AtBegShi@Output ...ipout \box \AtBeginShipoutBox 
                                                  \fi \fi 
l.8 
    pdfTeX warning (ext4): destination with the same identifier (name{figure.37
}) has been already used, duplicate ignored

\AtBegShi@Output ...ipout \box \AtBeginShipoutBox 
                                                  \fi \fi 
l.8 
     <./figure/metaDCN/metaDCNsuper.png> <./figure/metaDCN/metaDCNBMplot.png>]p
dfTeX warning (ext4): destination with the same identifier (name{cite.fisher192
5statistical}) has been already used, duplicate ignored
<to be read again> 
                   \relax 
l.9 \bibitem[Fisher, 1925]{fisher1925statistical}
                                                 pdfTeX warning (ext4): destina
tion with the same identifier (name{cite.huo2016meta}) has been already used, d
uplicate ignored
<to be read again> 
                   \relax 
l.14 \bibitem[Huo et~al., 2016]{huo2016meta}
                                            pdfTeX warning (ext4): destination 
with the same identifier (name{cite.kang2012metaqc}) has been already used, dup
licate ignored
<to be read again> 
                   \relax 
l.21 \bibitem[Kang et~al., 2012]{kang2012metaqc}
                                                pdfTeX warning (ext4): destinat
ion with the same identifier (name{cite.li2011adaptively}) has been already use
d, duplicate ignored
<to be read again> 
                   \relax 
l.27 \bibitem[Li et~al., 2011]{li2011adaptively}
                                                pdfTeX warning (ext4): destinat
ion with the same identifier (name{cite.shen2010meta}) has been already used, d
uplicate ignored
<to be read again> 
                   \relax 
l.33 \bibitem[Shen and Tseng, 2010]{shen2010meta}
                                                 )

Package natbib Warning: There were undefined citations.

Package atveryend Info: Empty hook `BeforeClearDocument' on input line 73.
[31]
Package atveryend Info: Empty hook `AfterLastShipout' on input line 73.
 (./metaOmics_turtorial.aux)
Package atveryend Info: Executing hook `AtVeryEndDocument' on input line 73.
Package atveryend Info: Executing hook `AtEndAfterFileList' on input line 73.
Package rerunfilecheck Info: File `metaOmics_turtorial.out' has not changed.
(rerunfilecheck)             Checksum: 043FFAF417B37801A5C94EE627BE8908;2118.


LaTeX Warning: There were multiply-defined labels.

Package atveryend Info: Empty hook `AtVeryVeryEnd' on input line 73.
 ) 
Here is how much of TeX's memory you used:
 8893 strings out of 493488
 126231 string characters out of 3141326
 266466 words of memory out of 3000000
 11944 multiletter control sequences out of 15000+200000
 8409 words of font info for 30 fonts, out of 3000000 for 9000
 957 hyphenation exceptions out of 8191
 31i,8n,47p,1639b,1897s stack positions out of 5000i,500n,10000p,200000b,50000s
</usr/local/texlive/2012/texmf-dist/fonts/type1/public/amsfonts/cm/cmbx10.pfb
></usr/local/texlive/2012/texmf-dist/fonts/type1/public/amsfonts/cm/cmbx12.pfb>
</usr/local/texlive/2012/texmf-dist/fonts/type1/public/amsfonts/cm/cmmi10.pfb><
/usr/local/texlive/2012/texmf-dist/fonts/type1/public/amsfonts/cm/cmmi7.pfb></u
sr/local/texlive/2012/texmf-dist/fonts/type1/public/amsfonts/cm/cmr10.pfb></usr
/local/texlive/2012/texmf-dist/fonts/type1/public/amsfonts/cm/cmr17.pfb></usr/l
ocal/texlive/2012/texmf-dist/fonts/type1/public/amsfonts/cm/cmr5.pfb></usr/loca
l/texlive/2012/texmf-dist/fonts/type1/public/amsfonts/cm/cmr8.pfb></usr/local/t
exlive/2012/texmf-dist/fonts/type1/public/amsfonts/cm/cmsy10.pfb></usr/local/te
xlive/2012/texmf-dist/fonts/type1/public/amsfonts/cm/cmsy7.pfb></usr/local/texl
ive/2012/texmf-dist/fonts/type1/public/amsfonts/cm/cmsy8.pfb></usr/local/texliv
e/2012/texmf-dist/fonts/type1/public/amsfonts/cm/cmti10.pfb></usr/local/texlive
/2012/texmf-dist/fonts/type1/public/amsfonts/cm/cmtt10.pfb>
Output written on metaOmics_turtorial.pdf (31 pages, 6747640 bytes).
PDF statistics:
 555 PDF objects out of 1000 (max. 8388607)
 432 compressed objects within 5 object streams
 116 named destinations out of 1000 (max. 500000)
 442 words of extra memory for PDF output out of 10000 (max. 10000000)

